2024-12-06 18:18:37,287 - bot start nashod : 
 (pymysql.err.OperationalError) (2003, "Can't connect to MySQL server on 'localhost' ([WinError 10061] No connection could be made because the target machine actively refused it)")
(Background on this error at: https://sqlalche.me/e/20/e3q8)
2024-12-06 18:19:10,107 - SELECT DATABASE()
2024-12-06 18:19:10,108 - [raw sql] {}
2024-12-06 18:19:10,110 - SELECT @@sql_mode
2024-12-06 18:19:10,110 - [raw sql] {}
2024-12-06 18:19:10,111 - SELECT @@lower_case_table_names
2024-12-06 18:19:10,111 - [raw sql] {}
2024-12-06 18:19:10,113 - BEGIN (implicit)
2024-12-06 18:19:10,117 - SELECT users.id AS users_id, users.telegram_id AS users_telegram_id, users.date_joined AS users_date_joined, users.balance_curency AS users_balance_curency, users.balance_amount AS users_balance_amount, users.daily_requests AS users_daily_requests, users.last_deposit_date AS users_last_deposit_date, users.transaction_id AS users_transaction_id, users.deposit_count AS users_deposit_count, users.max_requests AS users_max_requests 
FROM users 
WHERE users.telegram_id = %(telegram_id_1)s 
 LIMIT %(param_1)s
2024-12-06 18:19:10,118 - [generated in 0.00167s] {'telegram_id_1': '6040165079', 'param_1': 1}
2024-12-06 18:20:50,110 - SELECT DATABASE()
2024-12-06 18:20:50,111 - [raw sql] {}
2024-12-06 18:20:50,113 - SELECT @@sql_mode
2024-12-06 18:20:50,113 - [raw sql] {}
2024-12-06 18:20:50,114 - SELECT @@lower_case_table_names
2024-12-06 18:20:50,114 - [raw sql] {}
2024-12-06 18:20:50,115 - BEGIN (implicit)
2024-12-06 18:20:50,120 - SELECT users.id AS users_id, users.telegram_id AS users_telegram_id, users.date_joined AS users_date_joined, users.balance_curency AS users_balance_curency, users.balance_amount AS users_balance_amount, users.daily_requests AS users_daily_requests, users.last_deposit_date AS users_last_deposit_date, users.transaction_id AS users_transaction_id, users.deposit_count AS users_deposit_count, users.max_requests AS users_max_requests 
FROM users 
WHERE users.telegram_id = %(telegram_id_1)s 
 LIMIT %(param_1)s
2024-12-06 18:20:50,121 - [generated in 0.00147s] {'telegram_id_1': '6040165079', 'param_1': 1}
2024-12-06 18:21:05,867 - BEGIN (implicit)
2024-12-06 18:21:05,868 - SELECT users.id AS users_id, users.telegram_id AS users_telegram_id, users.date_joined AS users_date_joined, users.balance_curency AS users_balance_curency, users.balance_amount AS users_balance_amount, users.daily_requests AS users_daily_requests, users.last_deposit_date AS users_last_deposit_date, users.transaction_id AS users_transaction_id, users.deposit_count AS users_deposit_count, users.max_requests AS users_max_requests 
FROM users 
WHERE users.telegram_id = %(telegram_id_1)s 
 LIMIT %(param_1)s
2024-12-06 18:21:05,869 - [cached since 15.75s ago] {'telegram_id_1': '6040165079', 'param_1': 1}
2024-12-06 18:23:57,795 - SELECT DATABASE()
2024-12-06 18:23:57,795 - [raw sql] {}
2024-12-06 18:23:57,797 - SELECT @@sql_mode
2024-12-06 18:23:57,797 - [raw sql] {}
2024-12-06 18:23:57,798 - SELECT @@lower_case_table_names
2024-12-06 18:23:57,799 - [raw sql] {}
2024-12-06 18:23:57,800 - BEGIN (implicit)
2024-12-06 18:23:57,806 - SELECT users.id AS users_id, users.telegram_id AS users_telegram_id, users.date_joined AS users_date_joined, users.balance_curency AS users_balance_curency, users.balance_amount AS users_balance_amount, users.daily_requests AS users_daily_requests, users.last_deposit_date AS users_last_deposit_date, users.transaction_id AS users_transaction_id, users.deposit_count AS users_deposit_count, users.max_requests AS users_max_requests 
FROM users 
WHERE users.telegram_id = %(telegram_id_1)s 
 LIMIT %(param_1)s
2024-12-06 18:23:57,807 - [generated in 0.00127s] {'telegram_id_1': '6040165079', 'param_1': 1}
2024-12-06 18:23:58,930 - bot start nashod : 
 cannot access local variable 'markup' where it is not associated with a value
2024-12-06 18:25:27,460 - SELECT DATABASE()
2024-12-06 18:25:27,461 - [raw sql] {}
2024-12-06 18:25:27,462 - SELECT @@sql_mode
2024-12-06 18:25:27,463 - [raw sql] {}
2024-12-06 18:25:27,464 - SELECT @@lower_case_table_names
2024-12-06 18:25:27,464 - [raw sql] {}
2024-12-06 18:25:27,466 - BEGIN (implicit)
2024-12-06 18:25:27,471 - SELECT users.id AS users_id, users.telegram_id AS users_telegram_id, users.date_joined AS users_date_joined, users.balance_curency AS users_balance_curency, users.balance_amount AS users_balance_amount, users.daily_requests AS users_daily_requests, users.last_deposit_date AS users_last_deposit_date, users.transaction_id AS users_transaction_id, users.deposit_count AS users_deposit_count, users.max_requests AS users_max_requests 
FROM users 
WHERE users.telegram_id = %(telegram_id_1)s 
 LIMIT %(param_1)s
2024-12-06 18:25:27,473 - [generated in 0.00181s] {'telegram_id_1': '6040165079', 'param_1': 1}
2024-12-06 18:26:48,285 - SELECT DATABASE()
2024-12-06 18:26:48,286 - [raw sql] {}
2024-12-06 18:26:48,287 - SELECT @@sql_mode
2024-12-06 18:26:48,288 - [raw sql] {}
2024-12-06 18:26:48,289 - SELECT @@lower_case_table_names
2024-12-06 18:26:48,289 - [raw sql] {}
2024-12-06 18:26:48,291 - BEGIN (implicit)
2024-12-06 18:26:48,296 - SELECT users.id AS users_id, users.telegram_id AS users_telegram_id, users.date_joined AS users_date_joined, users.balance_curency AS users_balance_curency, users.balance_amount AS users_balance_amount, users.daily_requests AS users_daily_requests, users.last_deposit_date AS users_last_deposit_date, users.transaction_id AS users_transaction_id, users.deposit_count AS users_deposit_count, users.max_requests AS users_max_requests 
FROM users 
WHERE users.telegram_id = %(telegram_id_1)s 
 LIMIT %(param_1)s
2024-12-06 18:26:48,297 - [generated in 0.00112s] {'telegram_id_1': '6040165079', 'param_1': 1}
2024-12-06 18:30:19,298 - bot start nashod : 
 HTTPSConnectionPool(host='api.telegram.org', port=443): Max retries exceeded with url: /bot7156255717:AAHBxvvhrRqNED5ZBiO9ZOb3ZRAfu0QmQik/getUpdates?offset=683451284&timeout=20 (Caused by ProxyError('Unable to connect to proxy', RemoteDisconnected('Remote end closed connection without response')))
2024-12-06 20:54:55,800 - SELECT DATABASE()
2024-12-06 20:54:55,801 - [raw sql] {}
2024-12-06 20:54:55,803 - SELECT @@sql_mode
2024-12-06 20:54:55,803 - [raw sql] {}
2024-12-06 20:54:55,804 - SELECT @@lower_case_table_names
2024-12-06 20:54:55,804 - [raw sql] {}
2024-12-06 20:54:55,806 - BEGIN (implicit)
2024-12-06 20:54:55,810 - SELECT users.id AS users_id, users.telegram_id AS users_telegram_id, users.date_joined AS users_date_joined, users.balance_curency AS users_balance_curency, users.balance_amount AS users_balance_amount, users.daily_requests AS users_daily_requests, users.last_deposit_date AS users_last_deposit_date, users.transaction_id AS users_transaction_id, users.deposit_count AS users_deposit_count, users.max_requests AS users_max_requests 
FROM users 
WHERE users.telegram_id = %(telegram_id_1)s 
 LIMIT %(param_1)s
2024-12-06 20:54:55,812 - [generated in 0.00161s] {'telegram_id_1': 6040165079, 'param_1': 1}
2024-12-06 20:54:55,850 - bot start nashod : 
 [Errno 2] No such file or directory: 'E:\\Codes\\Start\\Start\\Bot/instadownloads-6040165079/6040165079.json'
2024-12-06 20:56:47,206 - SELECT DATABASE()
2024-12-06 20:56:47,208 - [raw sql] {}
2024-12-06 20:56:47,211 - SELECT @@sql_mode
2024-12-06 20:56:47,211 - [raw sql] {}
2024-12-06 20:56:47,212 - SELECT @@lower_case_table_names
2024-12-06 20:56:47,213 - [raw sql] {}
2024-12-06 20:56:47,214 - BEGIN (implicit)
2024-12-06 20:56:47,220 - SELECT users.id AS users_id, users.telegram_id AS users_telegram_id, users.date_joined AS users_date_joined, users.balance_curency AS users_balance_curency, users.balance_amount AS users_balance_amount, users.daily_requests AS users_daily_requests, users.last_deposit_date AS users_last_deposit_date, users.transaction_id AS users_transaction_id, users.deposit_count AS users_deposit_count, users.max_requests AS users_max_requests 
FROM users 
WHERE users.telegram_id = %(telegram_id_1)s 
 LIMIT %(param_1)s
2024-12-06 20:56:47,222 - [generated in 0.00231s] {'telegram_id_1': 6040165079, 'param_1': 1}
2024-12-06 20:56:47,228 - bot start nashod : 
 [Errno 2] No such file or directory: 'E:\\Codes\\Start\\Start\\Bot\\instadownloads-6040165079\\6040165079.json'
2024-12-06 23:09:04,669 - bot start nashod : 
 (pymysql.err.OperationalError) (1045, "Access denied for user 'root'@'localhost' (using password: YES)")
(Background on this error at: https://sqlalche.me/e/20/e3q8)
2024-12-06 23:10:14,979 - SELECT DATABASE()
2024-12-06 23:10:14,980 - [raw sql] {}
2024-12-06 23:10:14,982 - SELECT @@sql_mode
2024-12-06 23:10:14,983 - [raw sql] {}
2024-12-06 23:10:14,983 - SELECT @@lower_case_table_names
2024-12-06 23:10:14,984 - [raw sql] {}
2024-12-06 23:10:14,986 - BEGIN (implicit)
2024-12-06 23:10:14,992 - SELECT users.id AS users_id, users.telegram_id AS users_telegram_id, users.date_joined AS users_date_joined, users.balance_curency AS users_balance_curency, users.balance_amount AS users_balance_amount, users.daily_requests AS users_daily_requests, users.last_deposit_date AS users_last_deposit_date, users.transaction_id AS users_transaction_id, users.deposit_count AS users_deposit_count, users.max_requests AS users_max_requests, users.lang AS users_lang 
FROM users 
WHERE users.telegram_id = %(telegram_id_1)s 
 LIMIT %(param_1)s
2024-12-06 23:10:14,994 - [generated in 0.00227s] {'telegram_id_1': '6140919496', 'param_1': 1}
2024-12-06 23:10:16,402 - INSERT INTO users (telegram_id, date_joined, balance_curency, balance_amount, daily_requests, last_deposit_date, transaction_id, deposit_count, max_requests, lang) VALUES (%(telegram_id)s, %(date_joined)s, %(balance_curency)s, %(balance_amount)s, %(daily_requests)s, %(last_deposit_date)s, %(transaction_id)s, %(deposit_count)s, %(max_requests)s, %(lang)s)
2024-12-06 23:10:16,404 - [generated in 0.00154s] {'telegram_id': 6140919496, 'date_joined': datetime.datetime(2024, 12, 6, 23, 10, 16, 399861), 'balance_curency': None, 'balance_amount': 0.0, 'daily_requests': 0, 'last_deposit_date': None, 'transaction_id': None, 'deposit_count': 0, 'max_requests': 3, 'lang': None}
2024-12-06 23:10:16,406 - COMMIT
2024-12-06 23:10:50,088 - BEGIN (implicit)
2024-12-06 23:10:50,090 - SELECT users.id AS users_id, users.telegram_id AS users_telegram_id, users.date_joined AS users_date_joined, users.balance_curency AS users_balance_curency, users.balance_amount AS users_balance_amount, users.daily_requests AS users_daily_requests, users.last_deposit_date AS users_last_deposit_date, users.transaction_id AS users_transaction_id, users.deposit_count AS users_deposit_count, users.max_requests AS users_max_requests, users.lang AS users_lang 
FROM users 
WHERE users.telegram_id = %(telegram_id_1)s 
 LIMIT %(param_1)s
2024-12-06 23:10:50,093 - [generated in 0.00238s] {'telegram_id_1': 6140919496, 'param_1': 1}
2024-12-06 23:13:21,330 - BEGIN (implicit)
2024-12-06 23:13:21,331 - SELECT users.id AS users_id, users.telegram_id AS users_telegram_id, users.date_joined AS users_date_joined, users.balance_curency AS users_balance_curency, users.balance_amount AS users_balance_amount, users.daily_requests AS users_daily_requests, users.last_deposit_date AS users_last_deposit_date, users.transaction_id AS users_transaction_id, users.deposit_count AS users_deposit_count, users.max_requests AS users_max_requests, users.lang AS users_lang 
FROM users 
WHERE users.telegram_id = %(telegram_id_1)s 
 LIMIT %(param_1)s
2024-12-06 23:13:21,333 - [cached since 186.3s ago] {'telegram_id_1': '6140919496', 'param_1': 1}
2024-12-06 23:13:21,341 - bot start nashod : 
 'Query' object has no attribute 'lang'
2024-12-06 23:22:13,463 - SELECT DATABASE()
2024-12-06 23:22:13,464 - [raw sql] {}
2024-12-06 23:22:13,465 - SELECT @@sql_mode
2024-12-06 23:22:13,466 - [raw sql] {}
2024-12-06 23:22:13,467 - SELECT @@lower_case_table_names
2024-12-06 23:22:13,468 - [raw sql] {}
2024-12-06 23:22:13,469 - BEGIN (implicit)
2024-12-06 23:22:13,475 - SELECT users.id AS users_id, users.telegram_id AS users_telegram_id, users.date_joined AS users_date_joined, users.balance_curency AS users_balance_curency, users.balance_amount AS users_balance_amount, users.daily_requests AS users_daily_requests, users.last_deposit_date AS users_last_deposit_date, users.transaction_id AS users_transaction_id, users.deposit_count AS users_deposit_count, users.max_requests AS users_max_requests, users.lang AS users_lang 
FROM users 
WHERE users.telegram_id = %(telegram_id_1)s 
 LIMIT %(param_1)s
2024-12-06 23:22:13,478 - [generated in 0.00212s] {'telegram_id_1': '6140919496', 'param_1': 1}
2024-12-06 23:22:16,966 - bot start nashod : 
 cannot access local variable 'markup' where it is not associated with a value
2024-12-06 23:23:19,501 - SELECT DATABASE()
2024-12-06 23:23:19,502 - [raw sql] {}
2024-12-06 23:23:19,504 - SELECT @@sql_mode
2024-12-06 23:23:19,504 - [raw sql] {}
2024-12-06 23:23:19,505 - SELECT @@lower_case_table_names
2024-12-06 23:23:19,505 - [raw sql] {}
2024-12-06 23:23:19,507 - BEGIN (implicit)
2024-12-06 23:23:19,512 - SELECT users.id AS users_id, users.telegram_id AS users_telegram_id, users.date_joined AS users_date_joined, users.balance_curency AS users_balance_curency, users.balance_amount AS users_balance_amount, users.daily_requests AS users_daily_requests, users.last_deposit_date AS users_last_deposit_date, users.transaction_id AS users_transaction_id, users.deposit_count AS users_deposit_count, users.max_requests AS users_max_requests, users.lang AS users_lang 
FROM users 
WHERE users.telegram_id = %(telegram_id_1)s 
 LIMIT %(param_1)s
2024-12-06 23:23:19,514 - [generated in 0.00203s] {'telegram_id_1': '6140919496', 'param_1': 1}
2024-12-06 23:23:25,632 - bot start nashod : 
 cannot access local variable 'markup' where it is not associated with a value
2024-12-06 23:24:11,098 - SELECT DATABASE()
2024-12-06 23:24:11,098 - [raw sql] {}
2024-12-06 23:24:11,100 - SELECT @@sql_mode
2024-12-06 23:24:11,100 - [raw sql] {}
2024-12-06 23:24:11,101 - SELECT @@lower_case_table_names
2024-12-06 23:24:11,102 - [raw sql] {}
2024-12-06 23:24:11,104 - BEGIN (implicit)
2024-12-06 23:24:11,110 - SELECT users.id AS users_id, users.telegram_id AS users_telegram_id, users.date_joined AS users_date_joined, users.balance_curency AS users_balance_curency, users.balance_amount AS users_balance_amount, users.daily_requests AS users_daily_requests, users.last_deposit_date AS users_last_deposit_date, users.transaction_id AS users_transaction_id, users.deposit_count AS users_deposit_count, users.max_requests AS users_max_requests, users.lang AS users_lang 
FROM users 
WHERE users.telegram_id = %(telegram_id_1)s 
 LIMIT %(param_1)s
2024-12-06 23:24:11,112 - [generated in 0.00212s] {'telegram_id_1': '6140919496', 'param_1': 1}
2024-12-06 23:24:12,603 - ROLLBACK
2024-12-06 23:26:36,459 - SELECT DATABASE()
2024-12-06 23:26:36,460 - [raw sql] {}
2024-12-06 23:26:36,461 - SELECT @@sql_mode
2024-12-06 23:26:36,461 - [raw sql] {}
2024-12-06 23:26:36,462 - SELECT @@lower_case_table_names
2024-12-06 23:26:36,463 - [raw sql] {}
2024-12-06 23:26:36,464 - BEGIN (implicit)
2024-12-06 23:26:36,469 - SELECT users.id AS users_id, users.telegram_id AS users_telegram_id, users.date_joined AS users_date_joined, users.balance_curency AS users_balance_curency, users.balance_amount AS users_balance_amount, users.daily_requests AS users_daily_requests, users.last_deposit_date AS users_last_deposit_date, users.transaction_id AS users_transaction_id, users.deposit_count AS users_deposit_count, users.max_requests AS users_max_requests, users.lang AS users_lang 
FROM users 
WHERE users.telegram_id = %(telegram_id_1)s 
 LIMIT %(param_1)s
2024-12-06 23:26:36,470 - [generated in 0.00155s] {'telegram_id_1': '6140919496', 'param_1': 1}
2024-12-06 23:26:38,063 - ROLLBACK
2024-12-06 23:26:40,427 - bot start nashod : 
 TeleBot.send_message() missing 1 required positional argument: 'text'
2024-12-06 23:28:02,222 - SELECT DATABASE()
2024-12-06 23:28:02,223 - [raw sql] {}
2024-12-06 23:28:02,224 - SELECT @@sql_mode
2024-12-06 23:28:02,225 - [raw sql] {}
2024-12-06 23:28:02,226 - SELECT @@lower_case_table_names
2024-12-06 23:28:02,226 - [raw sql] {}
2024-12-06 23:28:02,228 - BEGIN (implicit)
2024-12-06 23:28:02,235 - SELECT users.id AS users_id, users.telegram_id AS users_telegram_id, users.date_joined AS users_date_joined, users.balance_curency AS users_balance_curency, users.balance_amount AS users_balance_amount, users.daily_requests AS users_daily_requests, users.last_deposit_date AS users_last_deposit_date, users.transaction_id AS users_transaction_id, users.deposit_count AS users_deposit_count, users.max_requests AS users_max_requests, users.lang AS users_lang 
FROM users 
WHERE users.telegram_id = %(telegram_id_1)s 
 LIMIT %(param_1)s
2024-12-06 23:28:02,237 - [generated in 0.00250s] {'telegram_id_1': '6140919496', 'param_1': 1}
2024-12-06 23:28:03,508 - ROLLBACK
2024-12-06 23:28:07,503 - Threaded polling exception: A request to the Telegram API was unsuccessful. Error code: 403. Description: Forbidden: bots can't send messages to bots
2024-12-06 23:28:07,506 - Exception traceback:
Traceback (most recent call last):
  File "C:\Users\Poorya Computer\AppData\Local\Packages\PythonSoftwareFoundation.Python.3.11_qbz5n2kfra8p0\LocalCache\local-packages\Python311\site-packages\telebot\__init__.py", line 1235, in __threaded_polling
    self.worker_pool.raise_exceptions()
  File "C:\Users\Poorya Computer\AppData\Local\Packages\PythonSoftwareFoundation.Python.3.11_qbz5n2kfra8p0\LocalCache\local-packages\Python311\site-packages\telebot\util.py", line 150, in raise_exceptions
    raise self.exception_info
  File "C:\Users\Poorya Computer\AppData\Local\Packages\PythonSoftwareFoundation.Python.3.11_qbz5n2kfra8p0\LocalCache\local-packages\Python311\site-packages\telebot\util.py", line 93, in run
    task(*args, **kwargs)
  File "C:\Users\Poorya Computer\AppData\Local\Packages\PythonSoftwareFoundation.Python.3.11_qbz5n2kfra8p0\LocalCache\local-packages\Python311\site-packages\telebot\__init__.py", line 8945, in _run_middlewares_and_handler
    result = handler['function'](message)
             ^^^^^^^^^^^^^^^^^^^^^^^^^^^^
  File "e:\Codes\Start\Start\Bot\start.py", line 76, in start_again
    bot.send_message(call.message.from_user.id, 'hic')
  File "C:\Users\Poorya Computer\AppData\Local\Packages\PythonSoftwareFoundation.Python.3.11_qbz5n2kfra8p0\LocalCache\local-packages\Python311\site-packages\telebot\__init__.py", line 1775, in send_message
    apihelper.send_message(
  File "C:\Users\Poorya Computer\AppData\Local\Packages\PythonSoftwareFoundation.Python.3.11_qbz5n2kfra8p0\LocalCache\local-packages\Python311\site-packages\telebot\apihelper.py", line 273, in send_message
    return _make_request(token, method_url, params=payload, method='post')
           ^^^^^^^^^^^^^^^^^^^^^^^^^^^^^^^^^^^^^^^^^^^^^^^^^^^^^^^^^^^^^^^
  File "C:\Users\Poorya Computer\AppData\Local\Packages\PythonSoftwareFoundation.Python.3.11_qbz5n2kfra8p0\LocalCache\local-packages\Python311\site-packages\telebot\apihelper.py", line 168, in _make_request
    json_result = _check_result(method_name, result)
                  ^^^^^^^^^^^^^^^^^^^^^^^^^^^^^^^^^^
  File "C:\Users\Poorya Computer\AppData\Local\Packages\PythonSoftwareFoundation.Python.3.11_qbz5n2kfra8p0\LocalCache\local-packages\Python311\site-packages\telebot\apihelper.py", line 195, in _check_result
    raise ApiTelegramException(method_name, result, result_json)
telebot.apihelper.ApiTelegramException: A request to the Telegram API was unsuccessful. Error code: 403. Description: Forbidden: bots can't send messages to bots

2024-12-06 23:30:00,205 - SELECT DATABASE()
2024-12-06 23:30:00,205 - [raw sql] {}
2024-12-06 23:30:00,207 - SELECT @@sql_mode
2024-12-06 23:30:00,207 - [raw sql] {}
2024-12-06 23:30:00,208 - SELECT @@lower_case_table_names
2024-12-06 23:30:00,208 - [raw sql] {}
2024-12-06 23:30:00,210 - BEGIN (implicit)
2024-12-06 23:30:00,215 - SELECT users.id AS users_id, users.telegram_id AS users_telegram_id, users.date_joined AS users_date_joined, users.balance_curency AS users_balance_curency, users.balance_amount AS users_balance_amount, users.daily_requests AS users_daily_requests, users.last_deposit_date AS users_last_deposit_date, users.transaction_id AS users_transaction_id, users.deposit_count AS users_deposit_count, users.max_requests AS users_max_requests, users.lang AS users_lang 
FROM users 
WHERE users.telegram_id = %(telegram_id_1)s 
 LIMIT %(param_1)s
2024-12-06 23:30:00,216 - [generated in 0.00170s] {'telegram_id_1': '6140919496', 'param_1': 1}
2024-12-06 23:30:01,650 - ROLLBACK
2024-12-06 23:30:57,876 - SELECT DATABASE()
2024-12-06 23:30:57,880 - [raw sql] {}
2024-12-06 23:30:57,885 - SELECT @@sql_mode
2024-12-06 23:30:57,885 - [raw sql] {}
2024-12-06 23:30:57,886 - SELECT @@lower_case_table_names
2024-12-06 23:30:57,887 - [raw sql] {}
2024-12-06 23:30:57,889 - BEGIN (implicit)
2024-12-06 23:30:57,902 - SELECT users.id AS users_id, users.telegram_id AS users_telegram_id, users.date_joined AS users_date_joined, users.balance_curency AS users_balance_curency, users.balance_amount AS users_balance_amount, users.daily_requests AS users_daily_requests, users.last_deposit_date AS users_last_deposit_date, users.transaction_id AS users_transaction_id, users.deposit_count AS users_deposit_count, users.max_requests AS users_max_requests, users.lang AS users_lang 
FROM users 
WHERE users.telegram_id = %(telegram_id_1)s 
 LIMIT %(param_1)s
2024-12-06 23:30:57,904 - [generated in 0.00225s] {'telegram_id_1': '6140919496', 'param_1': 1}
2024-12-06 23:30:59,472 - ROLLBACK
2024-12-06 23:34:27,412 - SELECT DATABASE()
2024-12-06 23:34:27,413 - [raw sql] {}
2024-12-06 23:34:27,414 - SELECT @@sql_mode
2024-12-06 23:34:27,414 - [raw sql] {}
2024-12-06 23:34:27,415 - SELECT @@lower_case_table_names
2024-12-06 23:34:27,416 - [raw sql] {}
2024-12-06 23:34:27,417 - BEGIN (implicit)
2024-12-06 23:34:27,421 - SELECT users.id AS users_id, users.telegram_id AS users_telegram_id, users.date_joined AS users_date_joined, users.balance_curency AS users_balance_curency, users.balance_amount AS users_balance_amount, users.daily_requests AS users_daily_requests, users.last_deposit_date AS users_last_deposit_date, users.transaction_id AS users_transaction_id, users.deposit_count AS users_deposit_count, users.max_requests AS users_max_requests, users.lang AS users_lang 
FROM users 
WHERE users.telegram_id = %(telegram_id_1)s 
 LIMIT %(param_1)s
2024-12-06 23:34:27,423 - [generated in 0.00233s] {'telegram_id_1': '6140919496', 'param_1': 1}
2024-12-06 23:34:28,527 - ROLLBACK
2024-12-06 23:54:45,851 - bot start nashod : 
 HTTPSConnectionPool(host='api.telegram.org', port=443): Max retries exceeded with url: /bot7156255717:AAHBxvvhrRqNED5ZBiO9ZOb3ZRAfu0QmQik/getUpdates?offset=683451344&timeout=20 (Caused by ProxyError('Unable to connect to proxy', RemoteDisconnected('Remote end closed connection without response')))
2024-12-07 11:16:32,949 - bot start nashod : 
 (pymysql.err.OperationalError) (1049, "Unknown database 'abzar_database'")
(Background on this error at: https://sqlalche.me/e/20/e3q8)
2024-12-07 11:17:09,951 - SELECT DATABASE()
2024-12-07 11:17:09,952 - [raw sql] {}
2024-12-07 11:17:09,953 - SELECT @@sql_mode
2024-12-07 11:17:09,953 - [raw sql] {}
2024-12-07 11:17:09,954 - SELECT @@lower_case_table_names
2024-12-07 11:17:09,955 - [raw sql] {}
2024-12-07 11:17:09,956 - BEGIN (implicit)
2024-12-07 11:17:09,961 - SELECT users.id AS users_id, users.telegram_id AS users_telegram_id, users.date_joined AS users_date_joined, users.balance_curency AS users_balance_curency, users.balance_amount AS users_balance_amount, users.daily_requests AS users_daily_requests, users.last_deposit_date AS users_last_deposit_date, users.transaction_id AS users_transaction_id, users.deposit_count AS users_deposit_count, users.max_requests AS users_max_requests, users.lang AS users_lang 
FROM users 
WHERE users.telegram_id = %(telegram_id_1)s 
 LIMIT %(param_1)s
2024-12-07 11:17:09,963 - [generated in 0.00147s] {'telegram_id_1': '6040165079', 'param_1': 1}
2024-12-07 11:39:06,046 - SELECT DATABASE()
2024-12-07 11:39:06,046 - [raw sql] {}
2024-12-07 11:39:06,048 - SELECT @@sql_mode
2024-12-07 11:39:06,048 - [raw sql] {}
2024-12-07 11:39:06,048 - SELECT @@lower_case_table_names
2024-12-07 11:39:06,049 - [raw sql] {}
2024-12-07 11:39:06,050 - BEGIN (implicit)
2024-12-07 11:39:06,052 - SELECT users.id AS users_id, users.telegram_id AS users_telegram_id, users.date_joined AS users_date_joined, users.balance_curency AS users_balance_curency, users.balance_amount AS users_balance_amount, users.daily_requests AS users_daily_requests, users.last_deposit_date AS users_last_deposit_date, users.transaction_id AS users_transaction_id, users.deposit_count AS users_deposit_count, users.max_requests AS users_max_requests, users.lang AS users_lang 
FROM users 
WHERE users.telegram_id = %(telegram_id_1)s 
 LIMIT %(param_1)s
2024-12-07 11:39:06,053 - [generated in 0.00091s] {'telegram_id_1': '6040165079', 'param_1': 1}
2024-12-07 11:39:07,248 - INSERT INTO users (telegram_id, date_joined, balance_curency, balance_amount, daily_requests, last_deposit_date, transaction_id, deposit_count, max_requests, lang) VALUES (%(telegram_id)s, %(date_joined)s, %(balance_curency)s, %(balance_amount)s, %(daily_requests)s, %(last_deposit_date)s, %(transaction_id)s, %(deposit_count)s, %(max_requests)s, %(lang)s)
2024-12-07 11:39:07,249 - [generated in 0.00131s] {'telegram_id': 6040165079, 'date_joined': datetime.datetime(2024, 12, 7, 11, 39, 7, 246614), 'balance_curency': None, 'balance_amount': 0.0, 'daily_requests': 0, 'last_deposit_date': None, 'transaction_id': None, 'deposit_count': 0, 'max_requests': 3, 'lang': None}
2024-12-07 11:39:07,251 - COMMIT
2024-12-07 11:39:17,182 - BEGIN (implicit)
2024-12-07 11:39:17,185 - SELECT users.id AS users_id, users.telegram_id AS users_telegram_id, users.date_joined AS users_date_joined, users.balance_curency AS users_balance_curency, users.balance_amount AS users_balance_amount, users.daily_requests AS users_daily_requests, users.last_deposit_date AS users_last_deposit_date, users.transaction_id AS users_transaction_id, users.deposit_count AS users_deposit_count, users.max_requests AS users_max_requests, users.lang AS users_lang 
FROM users 
WHERE users.telegram_id = %(telegram_id_1)s 
 LIMIT %(param_1)s
2024-12-07 11:39:17,186 - [generated in 0.00170s] {'telegram_id_1': 6040165079, 'param_1': 1}
2024-12-07 11:39:35,023 - UPDATE users SET daily_requests=%(daily_requests)s WHERE users.id = %(users_id)s
2024-12-07 11:39:35,023 - [generated in 0.00089s] {'daily_requests': 1, 'users_id': 2}
2024-12-07 11:39:35,025 - COMMIT
2024-12-07 11:40:07,357 - bot start nashod : 
 HTTPSConnectionPool(host='api.telegram.org', port=443): Read timed out. (read timeout=30)
2024-12-07 11:40:44,365 - SELECT DATABASE()
2024-12-07 11:40:44,366 - [raw sql] {}
2024-12-07 11:40:44,368 - SELECT @@sql_mode
2024-12-07 11:40:44,368 - [raw sql] {}
2024-12-07 11:40:44,369 - SELECT @@lower_case_table_names
2024-12-07 11:40:44,370 - [raw sql] {}
2024-12-07 11:40:44,371 - BEGIN (implicit)
2024-12-07 11:40:44,378 - SELECT users.id AS users_id, users.telegram_id AS users_telegram_id, users.date_joined AS users_date_joined, users.balance_curency AS users_balance_curency, users.balance_amount AS users_balance_amount, users.daily_requests AS users_daily_requests, users.last_deposit_date AS users_last_deposit_date, users.transaction_id AS users_transaction_id, users.deposit_count AS users_deposit_count, users.max_requests AS users_max_requests, users.lang AS users_lang 
FROM users 
WHERE users.telegram_id = %(telegram_id_1)s 
 LIMIT %(param_1)s
2024-12-07 11:40:44,380 - [generated in 0.00220s] {'telegram_id_1': 6040165079, 'param_1': 1}
2024-12-07 11:40:47,207 - UPDATE users SET daily_requests=%(daily_requests)s WHERE users.id = %(users_id)s
2024-12-07 11:40:47,207 - [generated in 0.00094s] {'daily_requests': 2, 'users_id': 2}
2024-12-07 11:40:47,210 - COMMIT
2024-12-07 11:41:19,574 - bot start nashod : 
 HTTPSConnectionPool(host='api.telegram.org', port=443): Read timed out. (read timeout=30)
2024-12-07 12:06:50,277 - SELECT DATABASE()
2024-12-07 12:06:50,278 - [raw sql] {}
2024-12-07 12:06:50,280 - SELECT @@sql_mode
2024-12-07 12:06:50,281 - [raw sql] {}
2024-12-07 12:06:50,281 - SELECT @@lower_case_table_names
2024-12-07 12:06:50,282 - [raw sql] {}
2024-12-07 12:06:50,283 - BEGIN (implicit)
2024-12-07 12:06:50,290 - SELECT users.id AS users_id, users.telegram_id AS users_telegram_id, users.date_joined AS users_date_joined, users.balance_curency AS users_balance_curency, users.balance_amount AS users_balance_amount, users.daily_requests AS users_daily_requests, users.last_deposit_date AS users_last_deposit_date, users.transaction_id AS users_transaction_id, users.deposit_count AS users_deposit_count, users.max_requests AS users_max_requests, users.lang AS users_lang 
FROM users 
WHERE users.telegram_id = %(telegram_id_1)s 
 LIMIT %(param_1)s
2024-12-07 12:06:50,292 - [generated in 0.00274s] {'telegram_id_1': '6040165079', 'param_1': 1}
2024-12-07 12:06:59,591 - BEGIN (implicit)
2024-12-07 12:06:59,593 - SELECT users.id AS users_id, users.telegram_id AS users_telegram_id, users.date_joined AS users_date_joined, users.balance_curency AS users_balance_curency, users.balance_amount AS users_balance_amount, users.daily_requests AS users_daily_requests, users.last_deposit_date AS users_last_deposit_date, users.transaction_id AS users_transaction_id, users.deposit_count AS users_deposit_count, users.max_requests AS users_max_requests, users.lang AS users_lang 
FROM users 
WHERE users.telegram_id = %(telegram_id_1)s 
 LIMIT %(param_1)s
2024-12-07 12:06:59,594 - [generated in 0.00142s] {'telegram_id_1': 6040165079, 'param_1': 1}
2024-12-07 12:07:02,092 - bot start nashod : 
 expected str, got int
2024-12-07 12:09:27,340 - SELECT DATABASE()
2024-12-07 12:09:27,340 - [raw sql] {}
2024-12-07 12:09:27,342 - SELECT @@sql_mode
2024-12-07 12:09:27,342 - [raw sql] {}
2024-12-07 12:09:27,343 - SELECT @@lower_case_table_names
2024-12-07 12:09:27,344 - [raw sql] {}
2024-12-07 12:09:27,345 - BEGIN (implicit)
2024-12-07 12:09:27,349 - SELECT users.id AS users_id, users.telegram_id AS users_telegram_id, users.date_joined AS users_date_joined, users.balance_curency AS users_balance_curency, users.balance_amount AS users_balance_amount, users.daily_requests AS users_daily_requests, users.last_deposit_date AS users_last_deposit_date, users.transaction_id AS users_transaction_id, users.deposit_count AS users_deposit_count, users.max_requests AS users_max_requests, users.lang AS users_lang 
FROM users 
WHERE users.telegram_id = %(telegram_id_1)s 
 LIMIT %(param_1)s
2024-12-07 12:09:27,351 - [generated in 0.00176s] {'telegram_id_1': '6040165079', 'param_1': 1}
2024-12-07 12:09:46,395 - BEGIN (implicit)
2024-12-07 12:09:46,397 - SELECT users.id AS users_id, users.telegram_id AS users_telegram_id, users.date_joined AS users_date_joined, users.balance_curency AS users_balance_curency, users.balance_amount AS users_balance_amount, users.daily_requests AS users_daily_requests, users.last_deposit_date AS users_last_deposit_date, users.transaction_id AS users_transaction_id, users.deposit_count AS users_deposit_count, users.max_requests AS users_max_requests, users.lang AS users_lang 
FROM users 
WHERE users.telegram_id = %(telegram_id_1)s 
 LIMIT %(param_1)s
2024-12-07 12:09:46,399 - [generated in 0.00176s] {'telegram_id_1': 6040165079, 'param_1': 1}
2024-12-07 12:09:50,473 - bot start nashod : 
 expected str, got int
2024-12-07 12:10:39,631 - SELECT DATABASE()
2024-12-07 12:10:39,632 - [raw sql] {}
2024-12-07 12:10:39,633 - SELECT @@sql_mode
2024-12-07 12:10:39,634 - [raw sql] {}
2024-12-07 12:10:39,635 - SELECT @@lower_case_table_names
2024-12-07 12:10:39,635 - [raw sql] {}
2024-12-07 12:10:39,637 - BEGIN (implicit)
2024-12-07 12:10:39,642 - SELECT users.id AS users_id, users.telegram_id AS users_telegram_id, users.date_joined AS users_date_joined, users.balance_curency AS users_balance_curency, users.balance_amount AS users_balance_amount, users.daily_requests AS users_daily_requests, users.last_deposit_date AS users_last_deposit_date, users.transaction_id AS users_transaction_id, users.deposit_count AS users_deposit_count, users.max_requests AS users_max_requests, users.lang AS users_lang 
FROM users 
WHERE users.telegram_id = %(telegram_id_1)s 
 LIMIT %(param_1)s
2024-12-07 12:10:39,644 - [generated in 0.00278s] {'telegram_id_1': 6040165079, 'param_1': 1}
2024-12-07 12:10:42,796 - bot start nashod : 
 expected str, got int
2024-12-07 12:11:47,419 - SELECT DATABASE()
2024-12-07 12:11:47,420 - [raw sql] {}
2024-12-07 12:11:47,421 - SELECT @@sql_mode
2024-12-07 12:11:47,422 - [raw sql] {}
2024-12-07 12:11:47,423 - SELECT @@lower_case_table_names
2024-12-07 12:11:47,424 - [raw sql] {}
2024-12-07 12:11:47,425 - BEGIN (implicit)
2024-12-07 12:11:47,430 - SELECT users.id AS users_id, users.telegram_id AS users_telegram_id, users.date_joined AS users_date_joined, users.balance_curency AS users_balance_curency, users.balance_amount AS users_balance_amount, users.daily_requests AS users_daily_requests, users.last_deposit_date AS users_last_deposit_date, users.transaction_id AS users_transaction_id, users.deposit_count AS users_deposit_count, users.max_requests AS users_max_requests, users.lang AS users_lang 
FROM users 
WHERE users.telegram_id = %(telegram_id_1)s 
 LIMIT %(param_1)s
2024-12-07 12:11:47,432 - [generated in 0.00249s] {'telegram_id_1': 6040165079, 'param_1': 1}
2024-12-07 12:11:51,305 - bot start nashod : 
 expected str, got int
2024-12-07 12:21:43,872 - SELECT DATABASE()
2024-12-07 12:21:43,872 - [raw sql] {}
2024-12-07 12:21:43,874 - SELECT @@sql_mode
2024-12-07 12:21:43,875 - [raw sql] {}
2024-12-07 12:21:43,876 - SELECT @@lower_case_table_names
2024-12-07 12:21:43,876 - [raw sql] {}
2024-12-07 12:21:43,878 - BEGIN (implicit)
2024-12-07 12:21:43,883 - SELECT users.id AS users_id, users.telegram_id AS users_telegram_id, users.date_joined AS users_date_joined, users.balance_curency AS users_balance_curency, users.balance_amount AS users_balance_amount, users.daily_requests AS users_daily_requests, users.last_deposit_date AS users_last_deposit_date, users.transaction_id AS users_transaction_id, users.deposit_count AS users_deposit_count, users.max_requests AS users_max_requests, users.lang AS users_lang 
FROM users 
WHERE users.telegram_id = %(telegram_id_1)s 
 LIMIT %(param_1)s
2024-12-07 12:21:43,885 - [generated in 0.00196s] {'telegram_id_1': 6040165079, 'param_1': 1}
2024-12-07 12:21:54,692 - UPDATE users SET daily_requests=%(daily_requests)s WHERE users.id = %(users_id)s
2024-12-07 12:21:54,693 - [generated in 0.00090s] {'daily_requests': 3, 'users_id': 2}
2024-12-07 12:21:54,696 - COMMIT
2024-12-07 12:21:54,927 - bot start nashod : 
 [Errno 2] No such file or directory: 'E:\\Codes\\Start\\Start\\Bot/instadownloads-6040165079/6040165079.json'
2024-12-07 12:24:51,987 - SELECT DATABASE()
2024-12-07 12:24:51,988 - [raw sql] {}
2024-12-07 12:24:51,990 - SELECT @@sql_mode
2024-12-07 12:24:51,990 - [raw sql] {}
2024-12-07 12:24:51,991 - SELECT @@lower_case_table_names
2024-12-07 12:24:51,992 - [raw sql] {}
2024-12-07 12:24:51,993 - BEGIN (implicit)
2024-12-07 12:24:52,000 - SELECT users.id AS users_id, users.telegram_id AS users_telegram_id, users.date_joined AS users_date_joined, users.balance_curency AS users_balance_curency, users.balance_amount AS users_balance_amount, users.daily_requests AS users_daily_requests, users.last_deposit_date AS users_last_deposit_date, users.transaction_id AS users_transaction_id, users.deposit_count AS users_deposit_count, users.max_requests AS users_max_requests, users.lang AS users_lang 
FROM users 
WHERE users.telegram_id = %(telegram_id_1)s 
 LIMIT %(param_1)s
2024-12-07 12:24:52,003 - [generated in 0.00312s] {'telegram_id_1': 6040165079, 'param_1': 1}
2024-12-07 12:26:24,858 - SELECT DATABASE()
2024-12-07 12:26:24,858 - [raw sql] {}
2024-12-07 12:26:24,859 - SELECT @@sql_mode
2024-12-07 12:26:24,860 - [raw sql] {}
2024-12-07 12:26:24,860 - SELECT @@lower_case_table_names
2024-12-07 12:26:24,861 - [raw sql] {}
2024-12-07 12:26:24,862 - BEGIN (implicit)
2024-12-07 12:26:24,867 - SELECT users.id AS users_id, users.telegram_id AS users_telegram_id, users.date_joined AS users_date_joined, users.balance_curency AS users_balance_curency, users.balance_amount AS users_balance_amount, users.daily_requests AS users_daily_requests, users.last_deposit_date AS users_last_deposit_date, users.transaction_id AS users_transaction_id, users.deposit_count AS users_deposit_count, users.max_requests AS users_max_requests, users.lang AS users_lang 
FROM users 
WHERE users.telegram_id = %(telegram_id_1)s 
 LIMIT %(param_1)s
2024-12-07 12:26:24,868 - [generated in 0.00160s] {'telegram_id_1': 6040165079, 'param_1': 1}
2024-12-07 12:28:32,987 - SELECT DATABASE()
2024-12-07 12:28:32,988 - [raw sql] {}
2024-12-07 12:28:32,989 - SELECT @@sql_mode
2024-12-07 12:28:32,990 - [raw sql] {}
2024-12-07 12:28:32,990 - SELECT @@lower_case_table_names
2024-12-07 12:28:32,991 - [raw sql] {}
2024-12-07 12:28:32,992 - BEGIN (implicit)
2024-12-07 12:28:32,996 - SELECT users.id AS users_id, users.telegram_id AS users_telegram_id, users.date_joined AS users_date_joined, users.balance_curency AS users_balance_curency, users.balance_amount AS users_balance_amount, users.daily_requests AS users_daily_requests, users.last_deposit_date AS users_last_deposit_date, users.transaction_id AS users_transaction_id, users.deposit_count AS users_deposit_count, users.max_requests AS users_max_requests, users.lang AS users_lang 
FROM users 
WHERE users.telegram_id = %(telegram_id_1)s 
 LIMIT %(param_1)s
2024-12-07 12:28:32,998 - [generated in 0.00138s] {'telegram_id_1': 6040165079, 'param_1': 1}
2024-12-07 12:30:17,792 - SELECT DATABASE()
2024-12-07 12:30:17,793 - [raw sql] {}
2024-12-07 12:30:17,795 - SELECT @@sql_mode
2024-12-07 12:30:17,796 - [raw sql] {}
2024-12-07 12:30:17,796 - SELECT @@lower_case_table_names
2024-12-07 12:30:17,797 - [raw sql] {}
2024-12-07 12:30:17,798 - BEGIN (implicit)
2024-12-07 12:30:17,803 - SELECT users.id AS users_id, users.telegram_id AS users_telegram_id, users.date_joined AS users_date_joined, users.balance_curency AS users_balance_curency, users.balance_amount AS users_balance_amount, users.daily_requests AS users_daily_requests, users.last_deposit_date AS users_last_deposit_date, users.transaction_id AS users_transaction_id, users.deposit_count AS users_deposit_count, users.max_requests AS users_max_requests, users.lang AS users_lang 
FROM users 
WHERE users.telegram_id = %(telegram_id_1)s 
 LIMIT %(param_1)s
2024-12-07 12:30:17,804 - [generated in 0.00155s] {'telegram_id_1': 6040165079, 'param_1': 1}
2024-12-07 12:30:17,809 - UPDATE users SET max_requests=%(max_requests)s WHERE users.id = %(users_id)s
2024-12-07 12:30:17,809 - [generated in 0.00066s] {'max_requests': 1000, 'users_id': 2}
2024-12-07 12:30:17,811 - COMMIT
2024-12-07 12:30:17,820 - BEGIN (implicit)
2024-12-07 12:30:17,822 - SELECT users.id AS users_id, users.telegram_id AS users_telegram_id, users.date_joined AS users_date_joined, users.balance_curency AS users_balance_curency, users.balance_amount AS users_balance_amount, users.daily_requests AS users_daily_requests, users.last_deposit_date AS users_last_deposit_date, users.transaction_id AS users_transaction_id, users.deposit_count AS users_deposit_count, users.max_requests AS users_max_requests, users.lang AS users_lang 
FROM users 
WHERE users.id = %(pk_1)s
2024-12-07 12:30:17,823 - [generated in 0.00174s] {'pk_1': 2}
2024-12-07 12:31:18,628 - SELECT DATABASE()
2024-12-07 12:31:18,629 - [raw sql] {}
2024-12-07 12:31:18,630 - SELECT @@sql_mode
2024-12-07 12:31:18,630 - [raw sql] {}
2024-12-07 12:31:18,631 - SELECT @@lower_case_table_names
2024-12-07 12:31:18,632 - [raw sql] {}
2024-12-07 12:31:18,633 - BEGIN (implicit)
2024-12-07 12:31:18,638 - SELECT users.id AS users_id, users.telegram_id AS users_telegram_id, users.date_joined AS users_date_joined, users.balance_curency AS users_balance_curency, users.balance_amount AS users_balance_amount, users.daily_requests AS users_daily_requests, users.last_deposit_date AS users_last_deposit_date, users.transaction_id AS users_transaction_id, users.deposit_count AS users_deposit_count, users.max_requests AS users_max_requests, users.lang AS users_lang 
FROM users 
WHERE users.telegram_id = %(telegram_id_1)s 
 LIMIT %(param_1)s
2024-12-07 12:31:18,639 - [generated in 0.00168s] {'telegram_id_1': 6040165079, 'param_1': 1}
2024-12-07 12:31:21,982 - UPDATE users SET daily_requests=%(daily_requests)s WHERE users.id = %(users_id)s
2024-12-07 12:31:21,983 - [generated in 0.00100s] {'daily_requests': 4, 'users_id': 2}
2024-12-07 12:31:21,985 - COMMIT
2024-12-07 12:31:22,176 - bot start nashod : 
 [Errno 2] No such file or directory: 'E:\\Codes\\Start\\Start\\Bot/instadownloads-6040165079/6040165079.json'
2024-12-07 12:33:15,452 - SELECT DATABASE()
2024-12-07 12:33:15,453 - [raw sql] {}
2024-12-07 12:33:15,454 - SELECT @@sql_mode
2024-12-07 12:33:15,455 - [raw sql] {}
2024-12-07 12:33:15,456 - SELECT @@lower_case_table_names
2024-12-07 12:33:15,456 - [raw sql] {}
2024-12-07 12:33:15,458 - BEGIN (implicit)
2024-12-07 12:33:15,464 - SELECT users.id AS users_id, users.telegram_id AS users_telegram_id, users.date_joined AS users_date_joined, users.balance_curency AS users_balance_curency, users.balance_amount AS users_balance_amount, users.daily_requests AS users_daily_requests, users.last_deposit_date AS users_last_deposit_date, users.transaction_id AS users_transaction_id, users.deposit_count AS users_deposit_count, users.max_requests AS users_max_requests, users.lang AS users_lang 
FROM users 
WHERE users.telegram_id = %(telegram_id_1)s 
 LIMIT %(param_1)s
2024-12-07 12:33:15,466 - [generated in 0.00212s] {'telegram_id_1': 6040165079, 'param_1': 1}
2024-12-07 12:33:19,021 - UPDATE users SET daily_requests=%(daily_requests)s WHERE users.id = %(users_id)s
2024-12-07 12:33:19,021 - [generated in 0.00128s] {'daily_requests': 5, 'users_id': 2}
2024-12-07 12:33:19,023 - COMMIT
2024-12-07 12:33:19,329 - bot start nashod : 
 [Errno 2] No such file or directory: 'E:\\Codes\\Start\\Start\\Bot/instadownloads-6040165079/6040165079.json'
